build/app/outputs/mapping/release/seeds.txt
com.example.push_notification.MainActivity
com.example.push_notification.MainActivity: MainActivity()
...
androidx.window.layout.WindowMetricsCalculator$Companion$decorator$1: WindowMetricsCalculator$Companion$decorator$1()
androidx.window.embedding.EmbeddingCompat: androidx.window.extensions.embedding.ActivityEmbeddingComponent embeddingExtension
com.dexterous.flutterlocalnotifications.models.NotificationChannelGroupDetails: NotificationChannelGroupDetails()
android.support.v4.media.MediaDescriptionCompat: android.os.Parcelable$Creator CREATOR
com.dexterous.flutterlocalnotifications.models.ScheduledNotificationRepeatFrequency
io.flutter.embedding.engine.FlutterJNI: io.flutter.embedding.engine.FlutterJNI spawn(java.lang.String,java.lang.String,java.lang.String,java.util.List)
kotlin.jvm.internal.CallableReference: java.lang.Object receiver
androidx.window.layout.WindowMetricsCalculator$Companion$decorator$1: androidx.window.layout.WindowMetricsCalculator$Companion$decorator$1 INSTANCE
androidx.work.impl.workers.DiagnosticsWorker: DiagnosticsWorker(android.content.Context,androidx.work.WorkerParameters)
androidx.window.layout.WindowMetricsCalculator$Companion: void overrideDecorator(androidx.window.layout.WindowMetricsCalculatorDecorator)
org.threeten.bp.chrono.HijrahEra: java.lang.Object writeReplace()
com.google.android.gms.measurement.AppMeasurement: long generateEventId()
com.dexterous.flutterlocalnotifications.models.NotificationDetails: java.lang.String CHANNEL_ID
com.google.android.gms.internal.measurement.zzgc: java.lang.String zzv
com.google.firebase.provider.FirebaseInitProvider
com.dexterous.flutterlocalnotifications.NotificationStyle: com.dexterous.flutterlocalnotifications.NotificationStyle[] values()
org.threeten.bp.chrono.IsoChronology: java.lang.Object readResolve()
androidx.window.layout.WindowInfoTracker$Companion: androidx.window.layout.WindowBackend windowBackend$window_release(android.content.Context)
androidx.work.NetworkType: androidx.work.NetworkType[] values()
com.google.android.gms.internal.measurement.zzel: com.google.android.gms.internal.measurement.zzeq zzg
androidx.window.layout.FoldingFeature$State$Companion: FoldingFeature$State$Companion(kotlin.jvm.internal.DefaultConstructorMarker)
org.threeten.bp.chrono.ThaiBuddhistChronology: java.lang.Object readResolve()
io.flutter.plugin.editing.ImeSyncDeferringInsetsCallback: android.view.View view
io.flutter.embedding.engine.systemchannels.PlatformChannel$SoundType: io.flutter.embedding.engine.systemchannels.PlatformChannel$SoundType[] values()
androidx.window.embedding.SplitPlaceholderRule: android.content.Intent getPlaceholderIntent()
androidx.lifecycle.Lifecycle$Event: androidx.lifecycle.Lifecycle$Event ON_START
io.flutter.plugins.firebase.core.FlutterFirebasePlugin
com.dexterous.flutterlocalnotifications.models.NotificationDetails: java.lang.String category
androidx.window.layout.WindowInfoTrackerImpl$windowLayoutInfo$1: java.lang.Object L$2
io.flutter.view.AccessibilityViewEmbedder: void setFlutterNodesTranslateBounds(android.view.accessibility.AccessibilityNodeInfo,android.graphics.Rect,android.view.accessibility.AccessibilityNodeInfo)
com.google.android.datatransport.Priority: com.google.android.datatransport.Priority valueOf(java.lang.String)
org.threeten.bp.Instant: java.lang.Object readResolve()
io.flutter.embedding.engine.systemchannels.TextInputChannel$TextCapitalization: io.flutter.embedding.engine.systemchannels.TextInputChannel$TextCapitalization[] values()
io.flutter.embedding.engine.FlutterJNI: void nativeSetAccessibilityFeatures(long,int)
com.dexterous.flutterlocalnotifications.models.NotificationDetails: java.lang.Boolean indeterminate
io.flutter.embedding.engine.FlutterJNI: io.flutter.embedding.engine.FlutterJNI$AccessibilityDelegate accessibilityDelegate
kotlin.jvm.internal.CallableReference: boolean isTopLevel
androidx.window.layout.SidecarWindowBackend$WindowLayoutChangeCallbackWrapper: SidecarWindowBackend$WindowLayoutChangeCallbackWrapper(android.app.Activity,java.util.concurrent.Executor,androidx.core.util.Consumer)