build/app/outputs/mapping/release/mapping.txt
# compiler: R8
# compiler_version: 2.1.62
# min_api: 21
# pg_map_id: 93331ef
# common_typos_disable
...
androidx.core.app.NotificationCompat$BubbleMetadata$Api29Impl -> androidx.core.app.g$d$a:
    android.app.Notification$BubbleMetadata toPlatform(androidx.core.app.NotificationCompat$BubbleMetadata) -> a
androidx.core.app.NotificationCompat$BubbleMetadata$Api30Impl -> androidx.core.app.g$d$b:
    android.app.Notification$BubbleMetadata toPlatform(androidx.core.app.NotificationCompat$BubbleMetadata) -> a
androidx.core.app.NotificationCompat$Builder -> androidx.core.app.g$e:
    android.content.Context mContext -> a
    int mNumber -> l
    int mVisibility -> G
    android.app.PendingIntent mContentIntent -> g
    android.graphics.Bitmap mLargeIcon -> j
    android.widget.RemoteViews mHeadsUpContentView -> K
    android.app.PendingIntent mFullScreenIntent -> h
    boolean mGroupSummary -> y
    java.lang.String mSortKey -> z
    int mProgressMax -> u
    boolean mColorizedSet -> C
    long mTimeout -> P
    java.lang.String mCategory -> D
    boolean mShowWhen -> n
    int mPriority -> m
    android.os.Bundle mExtras -> E
    java.lang.String mChannelId -> L
    boolean mSilent -> U
    java.util.ArrayList mActions -> b
    android.widget.RemoteViews mBigContentView -> J
    androidx.core.content.LocusIdCompat mLocusId -> O
    java.lang.CharSequence mContentInfo -> k
    androidx.core.app.NotificationCompat$BubbleMetadata mBubbleMetadata -> S
    int mProgress -> v
    androidx.core.app.NotificationCompat$Style mStyle -> q
    int mGroupAlertBehavior -> Q
    boolean mUseChronometer -> o
    int mBadgeIcon -> M
    android.widget.RemoteViews mContentView -> I
    java.lang.CharSequence mContentText -> f
    boolean mProgressIndeterminate -> w
    java.util.ArrayList mPersonList -> c
    boolean mAllowSystemGeneratedContextualActions -> R
    java.lang.String mGroupKey -> x
    java.lang.CharSequence mSettingsText -> s
    boolean mLocalOnly -> A
androidx.core.app.NotificationCompat$InboxStyle -> androidx.core.app.g$f:
    java.util.ArrayList mTexts -> e
    void apply(androidx.core.app.NotificationBuilderWithBuilderAccessor) -> b
    java.lang.String getClassName() -> h
    androidx.core.app.NotificationCompat$InboxStyle addLine(java.lang.CharSequence) -> m
    androidx.core.app.NotificationCompat$InboxStyle setBigContentTitle(java.lang.CharSequence) -> n
    androidx.core.app.NotificationCompat$InboxStyle setSummaryText(java.lang.CharSequence) -> o
androidx.core.app.NotificationCompat$MessagingStyle -> androidx.core.app.g$g:
    java.util.List mHistoricMessages -> f
    java.util.List mMessages -> e
    java.lang.Boolean mIsGroupConversation -> i
    androidx.core.app.Person mUser -> g
    java.lang.CharSequence mConversationTitle -> h
    void addCompatExtras(android.os.Bundle) -> a
    void apply(androidx.core.app.NotificationBuilderWithBuilderAccessor) -> b
    java.lang.String getClassName() -> h
    androidx.core.app.NotificationCompat$MessagingStyle addMessage(androidx.core.app.NotificationCompat$MessagingStyle$Message) -> m
    androidx.core.app.NotificationCompat$MessagingStyle$Message findLatestIncomingMessage() -> n
    boolean hasMessagesWithoutSender() -> o
    boolean isGroupConversation() -> p
    android.text.style.TextAppearanceSpan makeFontColorSpan(int) -> q
    java.lang.CharSequence makeMessageLine(androidx.core.app.NotificationCompat$MessagingStyle$Message) -> r
    androidx.core.app.NotificationCompat$MessagingStyle setConversationTitle(java.lang.CharSequence) -> s
    androidx.core.app.NotificationCompat$MessagingStyle setGroupConversation(boolean) -> t