build/app/outputs/mapping/release/usage.txt
com.example.push_notification.R$id
com.example.push_notification.R$styleable
com.example.push_notification.R$mipmap
com.example.push_notification.R$string
com.example.push_notification.R$color
com.example.push_notification.R$integer
com.example.push_notification.R
com.example.push_notification.R$style
com.example.push_notification.R$drawable
com.example.push_notification.R$dimen
com.example.push_notification.R$layout
com.example.push_notification.R$bool
com.example.push_notification.BuildConfig
com.example.push_notification.R$raw
com.example.push_notification.R$attr
...
kotlin.text.TypeAliasesKt
com.google.android.gms.common.internal.Preconditions:
    public static int checkNotZero(int,java.lang.Object)
    public static long checkNotZero(long)
    public static long checkNotZero(long,java.lang.Object)
    private void <init>()
    public static varargs void checkArgument(boolean,java.lang.String,java.lang.Object[])
    public static void checkHandlerThread(android.os.Handler,java.lang.String)
    public static varargs void checkState(boolean,java.lang.String,java.lang.Object[])
org.threeten.bp.Instant:
    public static org.threeten.bp.Instant now()
    public static org.threeten.bp.Instant now(org.threeten.bp.Clock)
    public static org.threeten.bp.Instant parse(java.lang.CharSequence)
    private long nanosUntil(org.threeten.bp.Instant)
    private long secondsUntil(org.threeten.bp.Instant)
    public boolean isSupported(org.threeten.bp.temporal.TemporalUnit)
    public org.threeten.bp.Instant truncatedTo(org.threeten.bp.temporal.TemporalUnit)
    public org.threeten.bp.Instant plus(org.threeten.bp.temporal.TemporalAmount)
    public org.threeten.bp.Instant minus(org.threeten.bp.temporal.TemporalAmount)
    public org.threeten.bp.Instant minusSeconds(long)
    public org.threeten.bp.Instant minusMillis(long)
    public org.threeten.bp.Instant minusNanos(long)
    public long until(org.threeten.bp.temporal.Temporal,org.threeten.bp.temporal.TemporalUnit)
    public org.threeten.bp.OffsetDateTime atOffset(org.threeten.bp.ZoneOffset)
    public org.threeten.bp.ZonedDateTime atZone(org.threeten.bp.ZoneId)
    public boolean isAfter(org.threeten.bp.Instant)
    public boolean isBefore(org.threeten.bp.Instant)
    public synthetic bridge org.threeten.bp.temporal.Temporal minus(org.threeten.bp.temporal.TemporalAmount)
    public synthetic bridge org.threeten.bp.temporal.Temporal plus(org.threeten.bp.temporal.TemporalAmount)
    private static final long MIN_SECOND
    private static final long MAX_SECOND
    private static final long serialVersionUID
com.google.android.gms.common.api.CommonStatusCodes:
    protected void <init>()
    public static final int SUCCESS_CACHE
    public static final int SUCCESS
    public static final int SERVICE_VERSION_UPDATE_REQUIRED
    public static final int SERVICE_DISABLED
    public static final int SIGN_IN_REQUIRED
    public static final int INVALID_ACCOUNT
    public static final int RESOLUTION_REQUIRED
    public static final int NETWORK_ERROR
    public static final int INTERNAL_ERROR
    public static final int DEVELOPER_ERROR
    public static final int ERROR
    public static final int INTERRUPTED
    public static final int TIMEOUT
    public static final int CANCELED
    public static final int API_NOT_CONNECTED
    public static final int REMOTE_EXCEPTION
    public static final int CONNECTION_SUSPENDED_DURING_CALL
    public static final int RECONNECTION_TIMED_OUT_DURING_UPDATE
    public static final int RECONNECTION_TIMED_OUT
androidx.annotation.experimental.Experimental
kotlinx.coroutines.test.TestCoroutineContext$Dispatcher$scheduleResumeAfterDelay$$inlined$Runnable$1
kotlin.sequences.SequencesKt__SequencesJVMKt:
    private static final kotlin.sequences.Sequence asSequence(java.util.Enumeration)
    public void <init>()
androidx.customview.widget.FocusStrategy
android.support.v4.media.MediaBrowserCompat$MediaBrowserImplBase$MediaServiceConnection$2
com.google.firebase.datatransport.R$drawable